<?xml version="1.0" encoding="UTF-8"?>
<!-- Generated by org.testng.reporters.JUnitXMLReporter -->
<testsuite ignored="3" hostname="Anas" failures="0" tests="1" name="Default test" time="2.456" errors="0" timestamp="2025-02-24T16:42:42 EET">
  <testcase classname="automationTestStore.generalTests" name="contactNumber" time="0.075"/>
  <testcase classname="automationTestStore.generalTests" name="menSection" time="0.0">
    <ignored/>
  </testcase> <!-- menSection -->
  <testcase classname="automationTestStore.generalTests" name="login" time="0.0">
    <ignored/>
  </testcase> <!-- login -->
  <testcase classname="automationTestStore.generalTests" name="signup" time="0.0">
    <ignored/>
  </testcase> <!-- signup -->
</testsuite> <!-- Default test -->
