<?xml version="1.0" encoding="UTF-8"?>
<!-- Generated by org.testng.reporters.JUnitXMLReporter -->
<testsuite ignored="4" hostname="Anas" failures="0" tests="1" name="Default test" time="4.88" errors="0" timestamp="2025-02-24T16:57:06 EET">
  <testcase classname="automationTestStore.generalTests" name="siteMap" time="1.994"/>
  <testcase classname="automationTestStore.generalTests" name="menSection" time="0.0">
    <ignored/>
  </testcase> <!-- menSection -->
  <testcase classname="automationTestStore.generalTests" name="login" time="0.0">
    <ignored/>
  </testcase> <!-- login -->
  <testcase classname="automationTestStore.generalTests" name="signup" time="0.0">
    <ignored/>
  </testcase> <!-- signup -->
  <testcase classname="automationTestStore.generalTests" name="contactNumber" time="0.0">
    <ignored/>
  </testcase> <!-- contactNumber -->
</testsuite> <!-- Default test -->
