<?xml version="1.0" encoding="UTF-8"?>
<testng-results ignored="3" total="4" passed="1" failed="0" skipped="0">
  <reporter-output>
  </reporter-output>
  <suite started-at="2025-02-24T16:42:40 EET" name="Default suite" finished-at="2025-02-24T16:42:42 EET" duration-ms="2456">
    <groups>
    </groups>
    <test started-at="2025-02-24T16:42:40 EET" name="Default test" finished-at="2025-02-24T16:42:42 EET" duration-ms="2456">
      <class name="automationTestStore.generalTests">
        <test-method is-config="true" signature="setup()[pri:0, instance:automationTestStore.generalTests@3e821657]" started-at="2025-02-24T16:42:40 EET" name="setup" finished-at="2025-02-24T16:42:42 EET" duration-ms="2338" status="PASS">
          <reporter-output>
          </reporter-output>
        </test-method> <!-- setup -->
        <test-method signature="contactNumber()[pri:4, instance:automationTestStore.generalTests@3e821657]" started-at="2025-02-24T16:42:42 EET" name="contactNumber" finished-at="2025-02-24T16:42:42 EET" duration-ms="75" status="PASS">
          <reporter-output>
          </reporter-output>
        </test-method> <!-- contactNumber -->
      </class> <!-- automationTestStore.generalTests -->
    </test> <!-- Default test -->
  </suite> <!-- Default suite -->
</testng-results>
